<?xml version="1.0" encoding="UTF-8"?>
<!-- Generated by org.testng.reporters.JUnitReportReporter -->
<testsuite hostname="DESKTOP-04F50G1" failures="0" tests="3" name="TestNG" time="0.043" errors="0" timestamp="2024-11-21T19:47:10 ICT" skipped="0">
  <testcase classname="TestNG" name="Test3" time="0.006"/>
  <system-out/>
  <testcase classname="TestNG" name="Test1" time="0.031"/>
  <system-out/>
  <testcase classname="TestNG" name="Test2" time="0.006"/>
  <system-out/>
</testsuite> <!-- TestNG -->
