<?xml version="1.0" encoding="UTF-8"?>
<!-- Generated by org.testng.reporters.JUnitReportReporter -->
<testsuite hostname="DESKTOP-04F50G1" failures="0" tests="1" name="RestAssuredTest" time="7.699" errors="0" timestamp="2024-11-21T19:47:10 ICT" skipped="0">
  <testcase classname="RestAssuredTest" name="GetPhoto" time="7.699"/>
  <system-out/>
</testsuite> <!-- RestAssuredTest -->
